TN:
SF:src\components\language-selection\index.js
FN:5,<static_initializer>
FN:7,LanguageSelection
FN:10,LanguageSelection._onLang
FN:16,connectedCallback
FN:20,disconnectedCallback
FN:25,setLanguage
FN:30,render
FNF:7
FNH:7
FNDA:1,<static_initializer>
FNDA:2,LanguageSelection
FNDA:1,LanguageSelection._onLang
FNDA:2,connectedCallback
FNDA:2,disconnectedCallback
FNDA:1,setLanguage
FNDA:3,render
DA:1,1
DA:2,1
DA:3,1
DA:4,1
DA:5,1
DA:6,1
DA:7,1
DA:8,2
DA:9,2
DA:10,2
DA:11,1
DA:12,1
DA:13,2
DA:14,2
DA:15,1
DA:16,1
DA:17,2
DA:18,2
DA:19,2
DA:20,1
DA:21,2
DA:22,2
DA:23,2
DA:24,1
DA:25,1
DA:26,1
DA:27,1
DA:28,1
DA:29,1
DA:30,1
DA:31,3
DA:32,3
DA:33,3
DA:34,3
DA:35,3
DA:36,3
DA:37,2
DA:38,2
DA:39,2
DA:40,2
DA:41,2
DA:42,2
DA:43,2
DA:44,2
DA:45,2
DA:46,2
DA:47,3
DA:48,1
DA:49,1
DA:50,1
DA:51,1
DA:52,1
DA:53,1
DA:54,1
DA:55,1
DA:56,1
DA:57,3
DA:58,3
DA:59,3
DA:60,3
DA:61,1
DA:62,1
DA:63,1
LF:63
LH:63
BRDA:1,0,0,1
BRDA:5,1,0,1
BRDA:7,2,0,2
BRDA:9,3,0,0
BRDA:10,4,0,1
BRDA:16,5,0,2
BRDA:20,6,0,2
BRDA:25,7,0,1
BRDA:30,8,0,3
BRDA:36,9,0,2
BRDA:47,10,0,1
BRF:11
BRH:10
end_of_record
TN:
SF:src\components\page-header\index.js
FN:4,<static_initializer>
FN:8,PageHeader
FN:13,render
FNF:3
FNH:3
FNDA:4,<static_initializer>
FNDA:2,PageHeader
FNDA:2,render
DA:1,4
DA:2,4
DA:3,4
DA:4,4
DA:5,4
DA:6,4
DA:7,4
DA:8,4
DA:9,2
DA:10,2
DA:11,2
DA:12,4
DA:13,4
DA:14,2
DA:15,2
DA:16,2
DA:17,2
DA:18,2
DA:19,2
DA:20,2
DA:21,4
DA:22,4
DA:23,4
LF:23
LH:23
BRDA:1,0,0,4
BRDA:4,1,0,4
BRDA:8,2,0,4
BRDA:13,3,0,4
BRF:4
BRH:4
end_of_record
TN:
SF:src\utils\languageHelper.js
FN:1,addLanguageChangeListener
FN:5,removeLanguageChangeListener
FNF:2
FNH:2
FNDA:4,addLanguageChangeListener
FNDA:4,removeLanguageChangeListener
DA:1,2
DA:2,4
DA:3,4
DA:4,2
DA:5,2
DA:6,4
DA:7,4
LF:7
LH:7
BRDA:1,0,0,2
BRDA:1,1,0,4
BRDA:5,2,0,4
BRF:3
BRH:3
end_of_record
TN:
SF:src\utils\storageHelper.js
FN:1,getEmployees
FN:6,saveEmployees
FN:10,addEmployee
FN:16,updateEmployee
FN:23,deleteEmployee
FN:28,getEmployeeById
FN:33,initializeEmployees
FNF:7
FNH:4
FNDA:6,getEmployees
FNDA:4,saveEmployees
FNDA:0,addEmployee
FNDA:0,updateEmployee
FNDA:0,deleteEmployee
FNDA:2,getEmployeeById
FNDA:5,initializeEmployees
DA:1,5
DA:2,6
DA:3,6
DA:4,5
DA:5,5
DA:6,5
DA:7,4
DA:8,5
DA:9,5
DA:10,5
DA:11,0
DA:12,0
DA:13,0
DA:14,5
DA:15,5
DA:16,5
DA:17,0
DA:18,0
DA:19,0
DA:20,0
DA:21,5
DA:22,5
DA:23,5
DA:24,0
DA:25,0
DA:26,5
DA:27,5
DA:28,5
DA:29,2
DA:30,2
DA:31,5
DA:32,5
DA:33,5
DA:34,5
DA:35,3
DA:36,3
DA:37,3
DA:38,0
DA:39,0
DA:40,3
DA:41,3
DA:42,3
DA:43,3
DA:44,0
DA:45,0
DA:46,3
DA:47,5
DA:48,5
DA:49,5
LF:49
LH:36
BRDA:1,0,0,5
BRDA:6,1,0,6
BRDA:33,2,0,5
BRDA:37,3,0,0
BRDA:43,4,0,0
BRDA:1,5,0,7
BRDA:3,6,0,1
BRDA:28,7,0,5
BRDA:30,8,0,5
BRDA:34,9,0,3
BRF:10
BRH:8
end_of_record
TN:
SF:src\utils\validate-forms.js
FN:1,validateForm
FNF:1
FNH:1
FNDA:3,validateForm
DA:1,3
DA:2,3
DA:3,3
DA:4,3
DA:5,3
DA:6,3
DA:7,1
DA:8,1
DA:9,3
DA:10,3
DA:11,3
DA:12,3
DA:13,1
DA:14,1
DA:15,3
DA:16,3
DA:17,3
LF:17
LH:17
BRDA:1,0,0,3
BRDA:1,1,0,3
BRDA:6,2,0,3
BRDA:12,3,0,3
BRF:4
BRH:4
end_of_record
